# JRE version: OpenJDK Runtime Environment (17.0.6) (build 17.0.6+0-b2043.56-10027231)
# Java VM: OpenJDK 64-Bit Server VM (17.0.6+0-b2043.56-10027231, mixed mode, tiered, compressed oops, compressed class ptrs, g1 gc, windows-amd64)
GC Precious Log:
 CPUs: 8 total, 8 available
 Memory: 16110M
 Large Page Support: Disabled
 NUMA Support: Disabled
 Compressed Oops: Enabled (32-bit)
 Heap Region Size: 1M
 Heap Min Capacity: 8M
 Heap Initial Capacity: 252M
 Heap Max Capacity: 512M
 Pre-touch: Disabled
 Parallel Workers: 8
 Concurrent Workers: 2
 Concurrent Refinement Workers: 8
 Periodic GC: Disabled
Heap:
 garbage-first heap   total 230400K, used 186109K [0x00000000e0000000, 0x0000000100000000)
  region size 1024K, 54 young (55296K), 2 survivors (2048K)
 Metaspace       used 101088K, committed 101952K, reserved 1138688K
  class space    used 13504K, committed 13888K, reserved 1048576K
GC Heap History (20 events):
Event: 7.857 GC heap before
{Heap before GC invocations=40 (full 0):
 garbage-first heap   total 153600K, used 143393K [0x00000000e0000000, 0x0000000100000000)
  region size 1024K, 34 young (34816K), 2 survivors (2048K)
 Metaspace       used 75441K, committed 76032K, reserved 1122304K
  class space    used 10095K, committed 10368K, reserved 1048576K
}
Event: 7.862 GC heap after
{Heap after GC invocations=41 (full 0):
 garbage-first heap   total 153600K, used 118572K [0x00000000e0000000, 0x0000000100000000)
  region size 1024K, 5 young (5120K), 5 survivors (5120K)
 Metaspace       used 75441K, committed 76032K, reserved 1122304K
  class space    used 10095K, committed 10368K, reserved 1048576K
}
Event: 7.885 GC heap before
{Heap before GC invocations=41 (full 0):
 garbage-first heap   total 153600K, used 120620K [0x00000000e0000000, 0x0000000100000000)
  region size 1024K, 7 young (7168K), 5 survivors (5120K)
 Metaspace       used 75853K, committed 76480K, reserved 1122304K
  class space    used 10142K, committed 10432K, reserved 1048576K
}
Event: 7.888 GC heap after
{Heap after GC invocations=42 (full 0):
 garbage-first heap   total 153600K, used 117964K [0x00000000e0000000, 0x0000000100000000)
  region size 1024K, 1 young (1024K), 1 survivors (1024K)
 Metaspace       used 75853K, committed 76480K, reserved 1122304K
  class space    used 10142K, committed 10432K, reserved 1048576K
}
Event: 8.012 GC heap before
{Heap before GC invocations=42 (full 0):
 garbage-first heap   total 153600K, used 133324K [0x00000000e0000000, 0x0000000100000000)
  region size 1024K, 16 young (16384K), 1 survivors (1024K)
 Metaspace       used 76479K, committed 77120K, reserved 1122304K
  class space    used 10222K, committed 10496K, reserved 1048576K
}
Event: 8.014 GC heap after
{Heap after GC invocations=43 (full 0):
 garbage-first heap   total 153600K, used 119100K [0x00000000e0000000, 0x0000000100000000)
  region size 1024K, 2 young (2048K), 2 survivors (2048K)
 Metaspace       used 76479K, committed 77120K, reserved 1122304K
  class space    used 10222K, committed 10496K, reserved 1048576K
}
Event: 8.169 GC heap before
{Heap before GC invocations=44 (full 0):
 garbage-first heap   total 208896K, used 132412K [0x00000000e0000000, 0x0000000100000000)
  region size 1024K, 16 young (16384K), 2 survivors (2048K)
 Metaspace       used 77108K, committed 77760K, reserved 1122304K
  class space    used 10317K, committed 10624K, reserved 1048576K
}
Event: 8.172 GC heap after
{Heap after GC invocations=45 (full 0):
 garbage-first heap   total 208896K, used 119952K [0x00000000e0000000, 0x0000000100000000)
  region size 1024K, 1 young (1024K), 1 survivors (1024K)
 Metaspace       used 77108K, committed 77760K, reserved 1122304K
  class space    used 10317K, committed 10624K, reserved 1048576K
}
Event: 8.289 GC heap before
{Heap before GC invocations=45 (full 0):
 garbage-first heap   total 208896K, used 129168K [0x00000000e0000000, 0x0000000100000000)
  region size 1024K, 10 young (10240K), 1 survivors (1024K)
 Metaspace       used 78970K, committed 79616K, reserved 1122304K
  class space    used 10460K, committed 10752K, reserved 1048576K
}
Event: 8.291 GC heap after
{Heap after GC invocations=46 (full 0):
 garbage-first heap   total 208896K, used 119844K [0x00000000e0000000, 0x0000000100000000)
  region size 1024K, 2 young (2048K), 2 survivors (2048K)
 Metaspace       used 78970K, committed 79616K, reserved 1122304K
  class space    used 10460K, committed 10752K, reserved 1048576K
}
Event: 8.948 GC heap before
{Heap before GC invocations=46 (full 0):
 garbage-first heap   total 208896K, used 172068K [0x00000000e0000000, 0x0000000100000000)
  region size 1024K, 53 young (54272K), 2 survivors (2048K)
 Metaspace       used 86778K, committed 87424K, reserved 1130496K
  class space    used 11536K, committed 11840K, reserved 1048576K
}
Event: 8.956 GC heap after
{Heap after GC invocations=47 (full 0):
 garbage-first heap   total 208896K, used 122950K [0x00000000e0000000, 0x0000000100000000)
  region size 1024K, 5 young (5120K), 5 survivors (5120K)
 Metaspace       used 86778K, committed 87424K, reserved 1130496K
  class space    used 11536K, committed 11840K, reserved 1048576K
}
Event: 9.417 GC heap before
{Heap before GC invocations=47 (full 0):
 garbage-first heap   total 208896K, used 173126K [0x00000000e0000000, 0x0000000100000000)
  region size 1024K, 55 young (56320K), 5 survivors (5120K)
 Metaspace       used 89216K, committed 89920K, reserved 1130496K
  class space    used 12017K, committed 12352K, reserved 1048576K
}
Event: 9.422 GC heap after
{Heap after GC invocations=48 (full 0):
 garbage-first heap   total 208896K, used 126313K [0x00000000e0000000, 0x0000000100000000)
  region size 1024K, 7 young (7168K), 7 survivors (7168K)
 Metaspace       used 89216K, committed 89920K, reserved 1130496K
  class space    used 12017K, committed 12352K, reserved 1048576K
}
Event: 9.946 GC heap before
{Heap before GC invocations=48 (full 0):
 garbage-first heap   total 208896K, used 175465K [0x00000000e0000000, 0x0000000100000000)
  region size 1024K, 55 young (56320K), 7 survivors (7168K)
 Metaspace       used 94193K, committed 94976K, reserved 1130496K
  class space    used 12747K, committed 13120K, reserved 1048576K
}
Event: 9.953 GC heap after
{Heap after GC invocations=49 (full 0):
 garbage-first heap   total 208896K, used 129687K [0x00000000e0000000, 0x0000000100000000)
  region size 1024K, 7 young (7168K), 7 survivors (7168K)
 Metaspace       used 94193K, committed 94976K, reserved 1130496K
  class space    used 12747K, committed 13120K, reserved 1048576K
}
Event: 43.529 GC heap before
{Heap before GC invocations=50 (full 0):
 garbage-first heap   total 230400K, used 173719K [0x00000000e0000000, 0x0000000100000000)
  region size 1024K, 51 young (52224K), 7 survivors (7168K)
 Metaspace       used 99304K, committed 100096K, reserved 1138688K
  class space    used 13268K, committed 13632K, reserved 1048576K
}
Event: 43.535 GC heap after
{Heap after GC invocations=51 (full 0):
 garbage-first heap   total 230400K, used 132528K [0x00000000e0000000, 0x0000000100000000)
  region size 1024K, 7 young (7168K), 7 survivors (7168K)
 Metaspace       used 99304K, committed 100096K, reserved 1138688K
  class space    used 13268K, committed 13632K, reserved 1048576K
}
Event: 43.664 GC heap before
{Heap before GC invocations=51 (full 0):
 garbage-first heap   total 230400K, used 136624K [0x00000000e0000000, 0x0000000100000000)
  region size 1024K, 11 young (11264K), 7 survivors (7168K)
 Metaspace       used 99471K, committed 100288K, reserved 1138688K
  class space    used 13281K, committed 13632K, reserved 1048576K
}
Event: 43.672 GC heap after
{Heap after GC invocations=52 (full 0):
 garbage-first heap   total 230400K, used 133885K [0x00000000e0000000, 0x0000000100000000)
  region size 1024K, 2 young (2048K), 2 survivors (2048K)
 Metaspace       used 99471K, committed 100288K, reserved 1138688K
  class space    used 13281K, committed 13632K, reserved 1048576K
}

