# JRE version: OpenJDK Runtime Environment (17.0.6) (build 17.0.6+0-b2043.56-10027231)
# Java VM: OpenJDK 64-Bit Server VM (17.0.6+0-b2043.56-10027231, mixed mode, tiered, compressed oops, compressed class ptrs, g1 gc, windows-amd64)
GC Precious Log:
 CPUs: 8 total, 8 available
 Memory: 16110M
 Large Page Support: Disabled
 NUMA Support: Disabled
 Compressed Oops: Enabled (32-bit)
 Heap Region Size: 1M
 Heap Min Capacity: 8M
 Heap Initial Capacity: 252M
 Heap Max Capacity: 512M
 Pre-touch: Disabled
 Parallel Workers: 8
 Concurrent Workers: 2
 Concurrent Refinement Workers: 8
 Periodic GC: Disabled
Heap:
 garbage-first heap   total 231424K, used 186954K [0x00000000e0000000, 0x0000000100000000)
  region size 1024K, 55 young (56320K), 2 survivors (2048K)
 Metaspace       used 101163K, committed 101952K, reserved 1138688K
  class space    used 13499K, committed 13888K, reserved 1048576K
GC Heap History (20 events):
Event: 5.474 GC heap before
{Heap before GC invocations=34 (full 0):
 garbage-first heap   total 140288K, used 106283K [0x00000000e0000000, 0x0000000100000000)
  region size 1024K, 28 young (28672K), 2 survivors (2048K)
 Metaspace       used 62738K, committed 63360K, reserved 1105920K
  class space    used 8211K, committed 8448K, reserved 1048576K
}
Event: 5.477 GC heap after
{Heap after GC invocations=35 (full 0):
 garbage-first heap   total 140288K, used 82653K [0x00000000e0000000, 0x0000000100000000)
  region size 1024K, 4 young (4096K), 4 survivors (4096K)
 Metaspace       used 62738K, committed 63360K, reserved 1105920K
  class space    used 8211K, committed 8448K, reserved 1048576K
}
Event: 5.510 GC heap before
{Heap before GC invocations=35 (full 0):
 garbage-first heap   total 140288K, used 84701K [0x00000000e0000000, 0x0000000100000000)
  region size 1024K, 6 young (6144K), 4 survivors (4096K)
 Metaspace       used 62957K, committed 63616K, reserved 1105920K
  class space    used 8241K, committed 8512K, reserved 1048576K
}
Event: 5.514 GC heap after
{Heap after GC invocations=36 (full 0):
 garbage-first heap   total 140288K, used 83223K [0x00000000e0000000, 0x0000000100000000)
  region size 1024K, 1 young (1024K), 1 survivors (1024K)
 Metaspace       used 62957K, committed 63616K, reserved 1105920K
  class space    used 8241K, committed 8512K, reserved 1048576K
}
Event: 5.764 GC heap before
{Heap before GC invocations=36 (full 0):
 garbage-first heap   total 140288K, used 110871K [0x00000000e0000000, 0x0000000100000000)
  region size 1024K, 27 young (27648K), 1 survivors (1024K)
 Metaspace       used 65403K, committed 65984K, reserved 1105920K
  class space    used 8576K, committed 8832K, reserved 1048576K
}
Event: 5.767 GC heap after
{Heap after GC invocations=37 (full 0):
 garbage-first heap   total 231424K, used 84593K [0x00000000e0000000, 0x0000000100000000)
  region size 1024K, 2 young (2048K), 2 survivors (2048K)
 Metaspace       used 65403K, committed 65984K, reserved 1105920K
  class space    used 8576K, committed 8832K, reserved 1048576K
}
Event: 6.608 GC heap before
{Heap before GC invocations=38 (full 0):
 garbage-first heap   total 231424K, used 184945K [0x00000000e0000000, 0x0000000100000000)
  region size 1024K, 79 young (80896K), 2 survivors (2048K)
 Metaspace       used 73920K, committed 74560K, reserved 1114112K
  class space    used 9854K, committed 10176K, reserved 1048576K
}
Event: 6.613 GC heap after
{Heap after GC invocations=39 (full 0):
 garbage-first heap   total 231424K, used 116519K [0x00000000e0000000, 0x0000000100000000)
  region size 1024K, 10 young (10240K), 10 survivors (10240K)
 Metaspace       used 73920K, committed 74560K, reserved 1114112K
  class space    used 9854K, committed 10176K, reserved 1048576K
}
Event: 6.627 GC heap before
{Heap before GC invocations=39 (full 0):
 garbage-first heap   total 231424K, used 117543K [0x00000000e0000000, 0x0000000100000000)
  region size 1024K, 11 young (11264K), 10 survivors (10240K)
 Metaspace       used 74068K, committed 74624K, reserved 1114112K
  class space    used 9893K, committed 10176K, reserved 1048576K
}
Event: 6.631 GC heap after
{Heap after GC invocations=40 (full 0):
 garbage-first heap   total 231424K, used 117212K [0x00000000e0000000, 0x0000000100000000)
  region size 1024K, 1 young (1024K), 1 survivors (1024K)
 Metaspace       used 74068K, committed 74624K, reserved 1114112K
  class space    used 9893K, committed 10176K, reserved 1048576K
}
Event: 7.239 GC heap before
{Heap before GC invocations=40 (full 0):
 garbage-first heap   total 231424K, used 182748K [0x00000000e0000000, 0x0000000100000000)
  region size 1024K, 65 young (66560K), 1 survivors (1024K)
 Metaspace       used 81646K, committed 82304K, reserved 1122304K
  class space    used 10867K, committed 11136K, reserved 1048576K
}
Event: 7.242 GC heap after
{Heap after GC invocations=41 (full 0):
 garbage-first heap   total 231424K, used 119808K [0x00000000e0000000, 0x0000000100000000)
  region size 1024K, 4 young (4096K), 4 survivors (4096K)
 Metaspace       used 81646K, committed 82304K, reserved 1122304K
  class space    used 10867K, committed 11136K, reserved 1048576K
}
Event: 7.963 GC heap before
{Heap before GC invocations=41 (full 0):
 garbage-first heap   total 231424K, used 185344K [0x00000000e0000000, 0x0000000100000000)
  region size 1024K, 68 young (69632K), 4 survivors (4096K)
 Metaspace       used 87972K, committed 88704K, reserved 1130496K
  class space    used 11838K, committed 12160K, reserved 1048576K
}
Event: 7.972 GC heap after
{Heap after GC invocations=42 (full 0):
 garbage-first heap   total 231424K, used 124111K [0x00000000e0000000, 0x0000000100000000)
  region size 1024K, 8 young (8192K), 8 survivors (8192K)
 Metaspace       used 87972K, committed 88704K, reserved 1130496K
  class space    used 11838K, committed 12160K, reserved 1048576K
}
Event: 8.792 GC heap before
{Heap before GC invocations=42 (full 0):
 garbage-first heap   total 231424K, used 186575K [0x00000000e0000000, 0x0000000100000000)
  region size 1024K, 70 young (71680K), 8 survivors (8192K)
 Metaspace       used 93228K, committed 93952K, reserved 1130496K
  class space    used 12599K, committed 12928K, reserved 1048576K
}
Event: 8.801 GC heap after
{Heap after GC invocations=43 (full 0):
 garbage-first heap   total 231424K, used 128057K [0x00000000e0000000, 0x0000000100000000)
  region size 1024K, 9 young (9216K), 9 survivors (9216K)
 Metaspace       used 93228K, committed 93952K, reserved 1130496K
  class space    used 12599K, committed 12928K, reserved 1048576K
}
Event: 47.404 GC heap before
{Heap before GC invocations=44 (full 0):
 garbage-first heap   total 231424K, used 189497K [0x00000000e0000000, 0x0000000100000000)
  region size 1024K, 70 young (71680K), 9 survivors (9216K)
 Metaspace       used 99349K, committed 100160K, reserved 1138688K
  class space    used 13243K, committed 13632K, reserved 1048576K
}
Event: 47.414 GC heap after
{Heap after GC invocations=45 (full 0):
 garbage-first heap   total 231424K, used 133452K [0x00000000e0000000, 0x0000000100000000)
  region size 1024K, 9 young (9216K), 9 survivors (9216K)
 Metaspace       used 99349K, committed 100160K, reserved 1138688K
  class space    used 13243K, committed 13632K, reserved 1048576K
}
Event: 47.439 GC heap before
{Heap before GC invocations=45 (full 0):
 garbage-first heap   total 231424K, used 135500K [0x00000000e0000000, 0x0000000100000000)
  region size 1024K, 11 young (11264K), 9 survivors (9216K)
 Metaspace       used 99507K, committed 100352K, reserved 1138688K
  class space    used 13261K, committed 13632K, reserved 1048576K
}
Event: 47.447 GC heap after
{Heap after GC invocations=46 (full 0):
 garbage-first heap   total 231424K, used 134730K [0x00000000e0000000, 0x0000000100000000)
  region size 1024K, 2 young (2048K), 2 survivors (2048K)
 Metaspace       used 99507K, committed 100352K, reserved 1138688K
  class space    used 13261K, committed 13632K, reserved 1048576K
}

