# JRE version: OpenJDK Runtime Environment (17.0.6) (build 17.0.6+0-b2043.56-10027231)
# Java VM: OpenJDK 64-Bit Server VM (17.0.6+0-b2043.56-10027231, mixed mode, tiered, compressed oops, compressed class ptrs, g1 gc, windows-amd64)
GC Precious Log:
 CPUs: 8 total, 8 available
 Memory: 16110M
 Large Page Support: Disabled
 NUMA Support: Disabled
 Compressed Oops: Enabled (32-bit)
 Heap Region Size: 1M
 Heap Min Capacity: 8M
 Heap Initial Capacity: 252M
 Heap Max Capacity: 512M
 Pre-touch: Disabled
 Parallel Workers: 8
 Concurrent Workers: 2
 Concurrent Refinement Workers: 8
 Periodic GC: Disabled
Heap:
 garbage-first heap   total 222208K, used 155549K [0x00000000e0000000, 0x0000000100000000)
  region size 1024K, 21 young (21504K), 7 survivors (7168K)
 Metaspace       used 101566K, committed 102400K, reserved 1138688K
  class space    used 13540K, committed 13952K, reserved 1048576K
GC Heap History (20 events):
Event: 7.058 GC heap before
{Heap before GC invocations=44 (full 0):
 garbage-first heap   total 157696K, used 130624K [0x00000000e0000000, 0x0000000100000000)
  region size 1024K, 15 young (15360K), 1 survivors (1024K)
 Metaspace       used 75820K, committed 76416K, reserved 1122304K
  class space    used 10135K, committed 10432K, reserved 1048576K
}
Event: 7.061 GC heap after
{Heap after GC invocations=45 (full 0):
 garbage-first heap   total 157696K, used 118394K [0x00000000e0000000, 0x0000000100000000)
  region size 1024K, 2 young (2048K), 2 survivors (2048K)
 Metaspace       used 75820K, committed 76416K, reserved 1122304K
  class space    used 10135K, committed 10432K, reserved 1048576K
}
Event: 7.182 GC heap before
{Heap before GC invocations=46 (full 0):
 garbage-first heap   total 206848K, used 132730K [0x00000000e0000000, 0x0000000100000000)
  region size 1024K, 16 young (16384K), 2 survivors (2048K)
 Metaspace       used 76532K, committed 77120K, reserved 1122304K
  class space    used 10224K, committed 10496K, reserved 1048576K
}
Event: 7.184 GC heap after
{Heap after GC invocations=47 (full 0):
 garbage-first heap   total 206848K, used 119363K [0x00000000e0000000, 0x0000000100000000)
  region size 1024K, 2 young (2048K), 2 survivors (2048K)
 Metaspace       used 76532K, committed 77120K, reserved 1122304K
  class space    used 10224K, committed 10496K, reserved 1048576K
}
Event: 7.230 GC heap before
{Heap before GC invocations=47 (full 0):
 garbage-first heap   total 206848K, used 127555K [0x00000000e0000000, 0x0000000100000000)
  region size 1024K, 10 young (10240K), 2 survivors (2048K)
 Metaspace       used 76926K, committed 77568K, reserved 1122304K
  class space    used 10286K, committed 10560K, reserved 1048576K
}
Event: 7.232 GC heap after
{Heap after GC invocations=48 (full 0):
 garbage-first heap   total 206848K, used 119614K [0x00000000e0000000, 0x0000000100000000)
  region size 1024K, 2 young (2048K), 2 survivors (2048K)
 Metaspace       used 76926K, committed 77568K, reserved 1122304K
  class space    used 10286K, committed 10560K, reserved 1048576K
}
Event: 7.759 GC heap before
{Heap before GC invocations=48 (full 0):
 garbage-first heap   total 206848K, used 166718K [0x00000000e0000000, 0x0000000100000000)
  region size 1024K, 47 young (48128K), 2 survivors (2048K)
 Metaspace       used 84375K, committed 84992K, reserved 1122304K
  class space    used 11236K, committed 11520K, reserved 1048576K
}
Event: 7.761 GC heap after
{Heap after GC invocations=49 (full 0):
 garbage-first heap   total 206848K, used 121746K [0x00000000e0000000, 0x0000000100000000)
  region size 1024K, 4 young (4096K), 4 survivors (4096K)
 Metaspace       used 84375K, committed 84992K, reserved 1122304K
  class space    used 11236K, committed 11520K, reserved 1048576K
}
Event: 8.253 GC heap before
{Heap before GC invocations=49 (full 0):
 garbage-first heap   total 206848K, used 167826K [0x00000000e0000000, 0x0000000100000000)
  region size 1024K, 50 young (51200K), 4 survivors (4096K)
 Metaspace       used 88233K, committed 88896K, reserved 1130496K
  class space    used 11877K, committed 12160K, reserved 1048576K
}
Event: 8.258 GC heap after
{Heap after GC invocations=50 (full 0):
 garbage-first heap   total 206848K, used 124927K [0x00000000e0000000, 0x0000000100000000)
  region size 1024K, 6 young (6144K), 6 survivors (6144K)
 Metaspace       used 88233K, committed 88896K, reserved 1130496K
  class space    used 11877K, committed 12160K, reserved 1048576K
}
Event: 8.857 GC heap before
{Heap before GC invocations=50 (full 0):
 garbage-first heap   total 206848K, used 169983K [0x00000000e0000000, 0x0000000100000000)
  region size 1024K, 51 young (52224K), 6 survivors (6144K)
 Metaspace       used 92051K, committed 92800K, reserved 1130496K
  class space    used 12420K, committed 12736K, reserved 1048576K
}
Event: 8.867 GC heap after
{Heap after GC invocations=51 (full 0):
 garbage-first heap   total 206848K, used 127807K [0x00000000e0000000, 0x0000000100000000)
  region size 1024K, 6 young (6144K), 6 survivors (6144K)
 Metaspace       used 92051K, committed 92800K, reserved 1130496K
  class space    used 12420K, committed 12736K, reserved 1048576K
}
Event: 9.421 GC heap before
{Heap before GC invocations=52 (full 0):
 garbage-first heap   total 222208K, used 170815K [0x00000000e0000000, 0x0000000100000000)
  region size 1024K, 49 young (50176K), 6 survivors (6144K)
 Metaspace       used 96145K, committed 96960K, reserved 1138688K
  class space    used 12986K, committed 13376K, reserved 1048576K
}
Event: 9.428 GC heap after
{Heap after GC invocations=53 (full 0):
 garbage-first heap   total 222208K, used 131511K [0x00000000e0000000, 0x0000000100000000)
  region size 1024K, 7 young (7168K), 7 survivors (7168K)
 Metaspace       used 96145K, committed 96960K, reserved 1138688K
  class space    used 12986K, committed 13376K, reserved 1048576K
}
Event: 9.475 GC heap before
{Heap before GC invocations=53 (full 0):
 garbage-first heap   total 222208K, used 133559K [0x00000000e0000000, 0x0000000100000000)
  region size 1024K, 10 young (10240K), 7 survivors (7168K)
 Metaspace       used 96987K, committed 97728K, reserved 1138688K
  class space    used 13079K, committed 13440K, reserved 1048576K
}
Event: 9.479 GC heap after
{Heap after GC invocations=54 (full 0):
 garbage-first heap   total 222208K, used 131926K [0x00000000e0000000, 0x0000000100000000)
  region size 1024K, 2 young (2048K), 2 survivors (2048K)
 Metaspace       used 96987K, committed 97728K, reserved 1138688K
  class space    used 13079K, committed 13440K, reserved 1048576K
}
Event: 128.387 GC heap before
{Heap before GC invocations=54 (full 0):
 garbage-first heap   total 222208K, used 184150K [0x00000000e0000000, 0x0000000100000000)
  region size 1024K, 54 young (55296K), 2 survivors (2048K)
 Metaspace       used 100510K, committed 101312K, reserved 1138688K
  class space    used 13400K, committed 13824K, reserved 1048576K
}
Event: 128.393 GC heap after
{Heap after GC invocations=55 (full 0):
 garbage-first heap   total 222208K, used 135696K [0x00000000e0000000, 0x0000000100000000)
  region size 1024K, 5 young (5120K), 5 survivors (5120K)
 Metaspace       used 100510K, committed 101312K, reserved 1138688K
  class space    used 13400K, committed 13824K, reserved 1048576K
}
Event: 128.931 GC heap before
{Heap before GC invocations=55 (full 0):
 garbage-first heap   total 222208K, used 185872K [0x00000000e0000000, 0x0000000100000000)
  region size 1024K, 55 young (56320K), 5 survivors (5120K)
 Metaspace       used 101343K, committed 102208K, reserved 1138688K
  class space    used 13514K, committed 13952K, reserved 1048576K
}
Event: 128.940 GC heap after
{Heap after GC invocations=56 (full 0):
 garbage-first heap   total 222208K, used 143261K [0x00000000e0000000, 0x0000000100000000)
  region size 1024K, 7 young (7168K), 7 survivors (7168K)
 Metaspace       used 101343K, committed 102208K, reserved 1138688K
  class space    used 13514K, committed 13952K, reserved 1048576K
}

