# JRE version: OpenJDK Runtime Environment (17.0.6) (build 17.0.6+0-b2043.56-10027231)
# Java VM: OpenJDK 64-Bit Server VM (17.0.6+0-b2043.56-10027231, mixed mode, tiered, compressed oops, compressed class ptrs, g1 gc, windows-amd64)
GC Precious Log:
 CPUs: 8 total, 8 available
 Memory: 16110M
 Large Page Support: Disabled
 NUMA Support: Disabled
 Compressed Oops: Enabled (32-bit)
 Heap Region Size: 1M
 Heap Min Capacity: 8M
 Heap Initial Capacity: 252M
 Heap Max Capacity: 512M
 Pre-touch: Disabled
 Parallel Workers: 8
 Concurrent Workers: 2
 Concurrent Refinement Workers: 8
 Periodic GC: Disabled
Heap:
 garbage-first heap   total 133120K, used 81203K [0x00000000e0000000, 0x0000000100000000)
  region size 1024K, 3 young (3072K), 1 survivors (1024K)
 Metaspace       used 58097K, committed 58624K, reserved 1105920K
  class space    used 7596K, committed 7872K, reserved 1048576K
GC Heap History (20 events):
Event: 4.790 GC heap before
{Heap before GC invocations=18 (full 0):
 garbage-first heap   total 99328K, used 74163K [0x00000000e0000000, 0x0000000100000000)
  region size 1024K, 18 young (18432K), 2 survivors (2048K)
 Metaspace       used 42647K, committed 43072K, reserved 1089536K
  class space    used 5602K, committed 5760K, reserved 1048576K
}
Event: 4.793 GC heap after
{Heap after GC invocations=19 (full 0):
 garbage-first heap   total 99328K, used 55350K [0x00000000e0000000, 0x0000000100000000)
  region size 1024K, 3 young (3072K), 3 survivors (3072K)
 Metaspace       used 42647K, committed 43072K, reserved 1089536K
  class space    used 5602K, committed 5760K, reserved 1048576K
}
Event: 5.001 GC heap before
{Heap before GC invocations=19 (full 0):
 garbage-first heap   total 99328K, used 64566K [0x00000000e0000000, 0x0000000100000000)
  region size 1024K, 13 young (13312K), 3 survivors (3072K)
 Metaspace       used 43724K, committed 44096K, reserved 1089536K
  class space    used 5764K, committed 5952K, reserved 1048576K
}
Event: 5.004 GC heap after
{Heap after GC invocations=20 (full 0):
 garbage-first heap   total 99328K, used 56177K [0x00000000e0000000, 0x0000000100000000)
  region size 1024K, 3 young (3072K), 3 survivors (3072K)
 Metaspace       used 43724K, committed 44096K, reserved 1089536K
  class space    used 5764K, committed 5952K, reserved 1048576K
}
Event: 5.320 GC heap before
{Heap before GC invocations=21 (full 0):
 garbage-first heap   total 107520K, used 80753K [0x00000000e0000000, 0x0000000100000000)
  region size 1024K, 23 young (23552K), 3 survivors (3072K)
 Metaspace       used 45312K, committed 45696K, reserved 1089536K
  class space    used 5959K, committed 6144K, reserved 1048576K
}
Event: 5.324 GC heap after
{Heap after GC invocations=22 (full 0):
 garbage-first heap   total 107520K, used 65609K [0x00000000e0000000, 0x0000000100000000)
  region size 1024K, 4 young (4096K), 4 survivors (4096K)
 Metaspace       used 45312K, committed 45696K, reserved 1089536K
  class space    used 5959K, committed 6144K, reserved 1048576K
}
Event: 5.721 GC heap before
{Heap before GC invocations=23 (full 0):
 garbage-first heap   total 114688K, used 86089K [0x00000000e0000000, 0x0000000100000000)
  region size 1024K, 23 young (23552K), 4 survivors (4096K)
 Metaspace       used 47694K, committed 48128K, reserved 1097728K
  class space    used 6229K, committed 6400K, reserved 1048576K
}
Event: 5.725 GC heap after
{Heap after GC invocations=24 (full 0):
 garbage-first heap   total 114688K, used 67508K [0x00000000e0000000, 0x0000000100000000)
  region size 1024K, 3 young (3072K), 3 survivors (3072K)
 Metaspace       used 47694K, committed 48128K, reserved 1097728K
  class space    used 6229K, committed 6400K, reserved 1048576K
}
Event: 6.080 GC heap before
{Heap before GC invocations=24 (full 0):
 garbage-first heap   total 114688K, used 90036K [0x00000000e0000000, 0x0000000100000000)
  region size 1024K, 25 young (25600K), 3 survivors (3072K)
 Metaspace       used 49809K, committed 50368K, reserved 1097728K
  class space    used 6580K, committed 6848K, reserved 1048576K
}
Event: 6.083 GC heap after
{Heap after GC invocations=25 (full 0):
 garbage-first heap   total 114688K, used 69085K [0x00000000e0000000, 0x0000000100000000)
  region size 1024K, 2 young (2048K), 2 survivors (2048K)
 Metaspace       used 49809K, committed 50368K, reserved 1097728K
  class space    used 6580K, committed 6848K, reserved 1048576K
}
Event: 6.771 GC heap before
{Heap before GC invocations=26 (full 0):
 garbage-first heap   total 117760K, used 91613K [0x00000000e0000000, 0x0000000100000000)
  region size 1024K, 25 young (25600K), 2 survivors (2048K)
 Metaspace       used 51089K, committed 51648K, reserved 1097728K
  class space    used 6721K, committed 6976K, reserved 1048576K
}
Event: 6.775 GC heap after
{Heap after GC invocations=27 (full 0):
 garbage-first heap   total 117760K, used 70520K [0x00000000e0000000, 0x0000000100000000)
  region size 1024K, 3 young (3072K), 3 survivors (3072K)
 Metaspace       used 51089K, committed 51648K, reserved 1097728K
  class space    used 6721K, committed 6976K, reserved 1048576K
}
Event: 6.805 GC heap before
{Heap before GC invocations=27 (full 0):
 garbage-first heap   total 117760K, used 71544K [0x00000000e0000000, 0x0000000100000000)
  region size 1024K, 6 young (6144K), 3 survivors (3072K)
 Metaspace       used 51235K, committed 51776K, reserved 1097728K
  class space    used 6745K, committed 6976K, reserved 1048576K
}
Event: 6.809 GC heap after
{Heap after GC invocations=28 (full 0):
 garbage-first heap   total 117760K, used 71864K [0x00000000e0000000, 0x0000000100000000)
  region size 1024K, 3 young (3072K), 3 survivors (3072K)
 Metaspace       used 51235K, committed 51776K, reserved 1097728K
  class space    used 6745K, committed 6976K, reserved 1048576K
}
Event: 6.867 GC heap before
{Heap before GC invocations=29 (full 0):
 garbage-first heap   total 124928K, used 75960K [0x00000000e0000000, 0x0000000100000000)
  region size 1024K, 7 young (7168K), 3 survivors (3072K)
 Metaspace       used 51247K, committed 51776K, reserved 1097728K
  class space    used 6745K, committed 6976K, reserved 1048576K
}
Event: 6.869 GC heap after
{Heap after GC invocations=30 (full 0):
 garbage-first heap   total 124928K, used 75203K [0x00000000e0000000, 0x0000000100000000)
  region size 1024K, 4 young (4096K), 4 survivors (4096K)
 Metaspace       used 51247K, committed 51776K, reserved 1097728K
  class space    used 6745K, committed 6976K, reserved 1048576K
}
Event: 7.153 GC heap before
{Heap before GC invocations=31 (full 0):
 garbage-first heap   total 133120K, used 95683K [0x00000000e0000000, 0x0000000100000000)
  region size 1024K, 23 young (23552K), 4 survivors (4096K)
 Metaspace       used 53696K, committed 54272K, reserved 1097728K
  class space    used 7035K, committed 7296K, reserved 1048576K
}
Event: 7.155 GC heap after
{Heap after GC invocations=32 (full 0):
 garbage-first heap   total 133120K, used 79232K [0x00000000e0000000, 0x0000000100000000)
  region size 1024K, 3 young (3072K), 3 survivors (3072K)
 Metaspace       used 53696K, committed 54272K, reserved 1097728K
  class space    used 7035K, committed 7296K, reserved 1048576K
}
Event: 7.502 GC heap before
{Heap before GC invocations=32 (full 0):
 garbage-first heap   total 133120K, used 100736K [0x00000000e0000000, 0x0000000100000000)
  region size 1024K, 24 young (24576K), 3 survivors (3072K)
 Metaspace       used 57795K, committed 58368K, reserved 1105920K
  class space    used 7567K, committed 7872K, reserved 1048576K
}
Event: 7.504 GC heap after
{Heap after GC invocations=33 (full 0):
 garbage-first heap   total 133120K, used 80179K [0x00000000e0000000, 0x0000000100000000)
  region size 1024K, 1 young (1024K), 1 survivors (1024K)
 Metaspace       used 57795K, committed 58368K, reserved 1105920K
  class space    used 7567K, committed 7872K, reserved 1048576K
}

