# JRE version: OpenJDK Runtime Environment (17.0.6) (build 17.0.6+0-b2043.56-10027231)
# Java VM: OpenJDK 64-Bit Server VM (17.0.6+0-b2043.56-10027231, mixed mode, tiered, compressed oops, compressed class ptrs, g1 gc, windows-amd64)
GC Precious Log:
 CPUs: 8 total, 8 available
 Memory: 16110M
 Large Page Support: Disabled
 NUMA Support: Disabled
 Compressed Oops: Enabled (32-bit)
 Heap Region Size: 1M
 Heap Min Capacity: 8M
 Heap Initial Capacity: 252M
 Heap Max Capacity: 512M
 Pre-touch: Disabled
 Parallel Workers: 8
 Concurrent Workers: 2
 Concurrent Refinement Workers: 8
 Periodic GC: Disabled
Heap:
 garbage-first heap   total 220160K, used 182429K [0x00000000e0000000, 0x0000000100000000)
  region size 1024K, 55 young (56320K), 6 survivors (6144K)
 Metaspace       used 100179K, committed 100992K, reserved 1138688K
  class space    used 13349K, committed 13760K, reserved 1048576K
GC Heap History (20 events):
Event: 8.020 GC heap before
{Heap before GC invocations=40 (full 0):
 garbage-first heap   total 155648K, used 130450K [0x00000000e0000000, 0x0000000100000000)
  region size 1024K, 13 young (13312K), 1 survivors (1024K)
 Metaspace       used 75915K, committed 76480K, reserved 1122304K
  class space    used 10143K, committed 10432K, reserved 1048576K
}
Event: 8.022 GC heap after
{Heap after GC invocations=41 (full 0):
 garbage-first heap   total 155648K, used 118923K [0x00000000e0000000, 0x0000000100000000)
  region size 1024K, 2 young (2048K), 2 survivors (2048K)
 Metaspace       used 75915K, committed 76480K, reserved 1122304K
  class space    used 10143K, committed 10432K, reserved 1048576K
}
Event: 8.155 GC heap before
{Heap before GC invocations=42 (full 0):
 garbage-first heap   total 206848K, used 131211K [0x00000000e0000000, 0x0000000100000000)
  region size 1024K, 14 young (14336K), 2 survivors (2048K)
 Metaspace       used 76123K, committed 76736K, reserved 1122304K
  class space    used 10165K, committed 10432K, reserved 1048576K
}
Event: 8.158 GC heap after
{Heap after GC invocations=43 (full 0):
 garbage-first heap   total 206848K, used 119771K [0x00000000e0000000, 0x0000000100000000)
  region size 1024K, 2 young (2048K), 2 survivors (2048K)
 Metaspace       used 76123K, committed 76736K, reserved 1122304K
  class space    used 10165K, committed 10432K, reserved 1048576K
}
Event: 8.213 GC heap before
{Heap before GC invocations=43 (full 0):
 garbage-first heap   total 206848K, used 126939K [0x00000000e0000000, 0x0000000100000000)
  region size 1024K, 10 young (10240K), 2 survivors (2048K)
 Metaspace       used 76519K, committed 77120K, reserved 1122304K
  class space    used 10230K, committed 10496K, reserved 1048576K
}
Event: 8.216 GC heap after
{Heap after GC invocations=44 (full 0):
 garbage-first heap   total 206848K, used 119698K [0x00000000e0000000, 0x0000000100000000)
  region size 1024K, 2 young (2048K), 2 survivors (2048K)
 Metaspace       used 76519K, committed 77120K, reserved 1122304K
  class space    used 10230K, committed 10496K, reserved 1048576K
}
Event: 8.290 GC heap before
{Heap before GC invocations=44 (full 0):
 garbage-first heap   total 206848K, used 127890K [0x00000000e0000000, 0x0000000100000000)
  region size 1024K, 12 young (12288K), 2 survivors (2048K)
 Metaspace       used 77206K, committed 77824K, reserved 1122304K
  class space    used 10301K, committed 10624K, reserved 1048576K
}
Event: 8.293 GC heap after
{Heap after GC invocations=45 (full 0):
 garbage-first heap   total 206848K, used 120506K [0x00000000e0000000, 0x0000000100000000)
  region size 1024K, 3 young (3072K), 3 survivors (3072K)
 Metaspace       used 77206K, committed 77824K, reserved 1122304K
  class space    used 10301K, committed 10624K, reserved 1048576K
}
Event: 9.088 GC heap before
{Heap before GC invocations=46 (full 0):
 garbage-first heap   total 208896K, used 169658K [0x00000000e0000000, 0x0000000100000000)
  region size 1024K, 50 young (51200K), 3 survivors (3072K)
 Metaspace       used 85656K, committed 86336K, reserved 1130496K
  class space    used 11356K, committed 11648K, reserved 1048576K
}
Event: 9.094 GC heap after
{Heap after GC invocations=47 (full 0):
 garbage-first heap   total 208896K, used 122558K [0x00000000e0000000, 0x0000000100000000)
  region size 1024K, 5 young (5120K), 5 survivors (5120K)
 Metaspace       used 85656K, committed 86336K, reserved 1130496K
  class space    used 11356K, committed 11648K, reserved 1048576K
}
Event: 9.149 GC heap before
{Heap before GC invocations=47 (full 0):
 garbage-first heap   total 208896K, used 127678K [0x00000000e0000000, 0x0000000100000000)
  region size 1024K, 10 young (10240K), 5 survivors (5120K)
 Metaspace       used 86018K, committed 86656K, reserved 1130496K
  class space    used 11413K, committed 11712K, reserved 1048576K
}
Event: 9.153 GC heap after
{Heap after GC invocations=48 (full 0):
 garbage-first heap   total 208896K, used 122724K [0x00000000e0000000, 0x0000000100000000)
  region size 1024K, 1 young (1024K), 1 survivors (1024K)
 Metaspace       used 86018K, committed 86656K, reserved 1130496K
  class space    used 11413K, committed 11712K, reserved 1048576K
}
Event: 9.640 GC heap before
{Heap before GC invocations=48 (full 0):
 garbage-first heap   total 208896K, used 171876K [0x00000000e0000000, 0x0000000100000000)
  region size 1024K, 50 young (51200K), 1 survivors (1024K)
 Metaspace       used 88189K, committed 88896K, reserved 1130496K
  class space    used 11851K, committed 12160K, reserved 1048576K
}
Event: 9.643 GC heap after
{Heap after GC invocations=49 (full 0):
 garbage-first heap   total 208896K, used 126008K [0x00000000e0000000, 0x0000000100000000)
  region size 1024K, 4 young (4096K), 4 survivors (4096K)
 Metaspace       used 88189K, committed 88896K, reserved 1130496K
  class space    used 11851K, committed 12160K, reserved 1048576K
}
Event: 10.250 GC heap before
{Heap before GC invocations=50 (full 0):
 garbage-first heap   total 220160K, used 173112K [0x00000000e0000000, 0x0000000100000000)
  region size 1024K, 50 young (51200K), 4 survivors (4096K)
 Metaspace       used 93079K, committed 93824K, reserved 1130496K
  class space    used 12583K, committed 12928K, reserved 1048576K
}
Event: 10.255 GC heap after
{Heap after GC invocations=51 (full 0):
 garbage-first heap   total 220160K, used 128674K [0x00000000e0000000, 0x0000000100000000)
  region size 1024K, 7 young (7168K), 7 survivors (7168K)
 Metaspace       used 93079K, committed 93824K, reserved 1130496K
  class space    used 12583K, committed 12928K, reserved 1048576K
}
Event: 10.286 GC heap before
{Heap before GC invocations=51 (full 0):
 garbage-first heap   total 220160K, used 131746K [0x00000000e0000000, 0x0000000100000000)
  region size 1024K, 10 young (10240K), 7 survivors (7168K)
 Metaspace       used 93256K, committed 94016K, reserved 1130496K
  class space    used 12604K, committed 12992K, reserved 1048576K
}
Event: 10.290 GC heap after
{Heap after GC invocations=52 (full 0):
 garbage-first heap   total 220160K, used 129149K [0x00000000e0000000, 0x0000000100000000)
  region size 1024K, 2 young (2048K), 2 survivors (2048K)
 Metaspace       used 93256K, committed 94016K, reserved 1130496K
  class space    used 12604K, committed 12992K, reserved 1048576K
}
Event: 81.318 GC heap before
{Heap before GC invocations=52 (full 0):
 garbage-first heap   total 220160K, used 183421K [0x00000000e0000000, 0x0000000100000000)
  region size 1024K, 56 young (57344K), 2 survivors (2048K)
 Metaspace       used 98882K, committed 99712K, reserved 1138688K
  class space    used 13195K, committed 13568K, reserved 1048576K
}
Event: 81.323 GC heap after
{Heap after GC invocations=53 (full 0):
 garbage-first heap   total 220160K, used 133277K [0x00000000e0000000, 0x0000000100000000)
  region size 1024K, 6 young (6144K), 6 survivors (6144K)
 Metaspace       used 98882K, committed 99712K, reserved 1138688K
  class space    used 13195K, committed 13568K, reserved 1048576K
}

